<?xml version="1.0" encoding="UTF-8"?>
<testng-results skipped="0" failed="2" total="2" passed="0">
  <reporter-output>
  </reporter-output>
  <suite name="Suite" duration-ms="20777" started-at="2018-05-14T06:42:05Z" finished-at="2018-05-14T06:42:25Z">
    <groups>
    </groups>
    <test name="Test" duration-ms="20777" started-at="2018-05-14T06:42:05Z" finished-at="2018-05-14T06:42:25Z">
      <class name="euroStar.TestScripts.EuroStarTest1">
        <test-method status="PASS" signature="M1()[pri:0, instance:euroStar.TestScripts.EuroStarTest1@18e7143f]" name="M1" is-config="true" duration-ms="70" started-at="2018-05-14T12:12:05Z" finished-at="2018-05-14T12:12:05Z">
          <reporter-output>
          </reporter-output>
        </test-method> <!-- M1 -->
        <test-method status="FAIL" signature="webTitle()[pri:0, instance:euroStar.TestScripts.EuroStarTest1@18e7143f]" name="webTitle" duration-ms="10049" started-at="2018-05-14T12:12:15Z" finished-at="2018-05-14T12:12:25Z">
          <exception class="java.lang.AssertionError">
            <message>
              <![CDATA[Title mismatched expected [EuroSTAR Huddle - Online Software Testing Community!!] but found [EuroSTAR Huddle - Online Software Testing Community]]]>
            </message>
            <full-stacktrace>
              <![CDATA[java.lang.AssertionError: Title mismatched expected [EuroSTAR Huddle - Online Software Testing Community!!] but found [EuroSTAR Huddle - Online Software Testing Community]
	at org.testng.Assert.fail(Assert.java:94)
	at org.testng.Assert.failNotEquals(Assert.java:513)
	at org.testng.Assert.assertEqualsImpl(Assert.java:135)
	at org.testng.Assert.assertEquals(Assert.java:116)
	at org.testng.Assert.assertEquals(Assert.java:190)
	at euroStar.TestScripts.EuroStarTest1.webTitle(EuroStarTest1.java:49)
	at sun.reflect.NativeMethodAccessorImpl.invoke0(Native Method)
	at sun.reflect.NativeMethodAccessorImpl.invoke(NativeMethodAccessorImpl.java:62)
	at sun.reflect.DelegatingMethodAccessorImpl.invoke(DelegatingMethodAccessorImpl.java:43)
	at java.lang.reflect.Method.invoke(Method.java:498)
	at org.testng.internal.MethodInvocationHelper.invokeMethod(MethodInvocationHelper.java:86)
	at org.testng.internal.Invoker.invokeMethod(Invoker.java:643)
	at org.testng.internal.Invoker.invokeTestMethod(Invoker.java:820)
	at org.testng.internal.Invoker.invokeTestMethods(Invoker.java:1128)
	at org.testng.internal.TestMethodWorker.invokeTestMethods(TestMethodWorker.java:129)
	at org.testng.internal.TestMethodWorker.run(TestMethodWorker.java:112)
	at org.testng.TestRunner.privateRun(TestRunner.java:782)
	at org.testng.TestRunner.run(TestRunner.java:632)
	at org.testng.SuiteRunner.runTest(SuiteRunner.java:366)
	at org.testng.SuiteRunner.runSequentially(SuiteRunner.java:361)
	at org.testng.SuiteRunner.privateRun(SuiteRunner.java:319)
	at org.testng.SuiteRunner.run(SuiteRunner.java:268)
	at org.testng.SuiteRunnerWorker.runSuite(SuiteRunnerWorker.java:52)
	at org.testng.SuiteRunnerWorker.run(SuiteRunnerWorker.java:86)
	at org.testng.TestNG.runSuitesSequentially(TestNG.java:1244)
	at org.testng.TestNG.runSuitesLocally(TestNG.java:1169)
	at org.testng.TestNG.run(TestNG.java:1064)
	at org.testng.remote.AbstractRemoteTestNG.run(AbstractRemoteTestNG.java:114)
	at org.testng.remote.RemoteTestNG.initAndRun(RemoteTestNG.java:251)
	at org.testng.remote.RemoteTestNG.main(RemoteTestNG.java:77)
]]>
            </full-stacktrace>
          </exception> <!-- java.lang.AssertionError -->
          <reporter-output>
          </reporter-output>
        </test-method> <!-- webTitle -->
        <test-method status="FAIL" signature="getResult(org.testng.ITestResult)[pri:0, instance:euroStar.TestScripts.EuroStarTest1@18e7143f]" name="getResult" is-config="true" duration-ms="0" started-at="2018-05-14T12:12:25Z" finished-at="2018-05-14T12:12:25Z">
          <params>
            <param index="0">
              <value>
                <![CDATA[[TestResult name=webTitle status=FAILURE method=EuroStarTest1.webTitle()[pri:0, instance:euroStar.TestScripts.EuroStarTest1@18e7143f] output={null}]]]>
              </value>
            </param>
          </params>
          <exception class="java.lang.NullPointerException">
            <full-stacktrace>
              <![CDATA[java.lang.NullPointerException
	at euroStar.MasterFile.Base.getResult(Base.java:71)
	at sun.reflect.NativeMethodAccessorImpl.invoke0(Native Method)
	at sun.reflect.NativeMethodAccessorImpl.invoke(NativeMethodAccessorImpl.java:62)
	at sun.reflect.DelegatingMethodAccessorImpl.invoke(DelegatingMethodAccessorImpl.java:43)
	at java.lang.reflect.Method.invoke(Method.java:498)
	at org.testng.internal.MethodInvocationHelper.invokeMethod(MethodInvocationHelper.java:86)
	at org.testng.internal.Invoker.invokeConfigurationMethod(Invoker.java:514)
	at org.testng.internal.Invoker.invokeConfigurations(Invoker.java:215)
	at org.testng.internal.Invoker.invokeMethod(Invoker.java:707)
	at org.testng.internal.Invoker.invokeTestMethod(Invoker.java:820)
	at org.testng.internal.Invoker.invokeTestMethods(Invoker.java:1128)
	at org.testng.internal.TestMethodWorker.invokeTestMethods(TestMethodWorker.java:129)
	at org.testng.internal.TestMethodWorker.run(TestMethodWorker.java:112)
	at org.testng.TestRunner.privateRun(TestRunner.java:782)
	at org.testng.TestRunner.run(TestRunner.java:632)
	at org.testng.SuiteRunner.runTest(SuiteRunner.java:366)
	at org.testng.SuiteRunner.runSequentially(SuiteRunner.java:361)
	at org.testng.SuiteRunner.privateRun(SuiteRunner.java:319)
	at org.testng.SuiteRunner.run(SuiteRunner.java:268)
	at org.testng.SuiteRunnerWorker.runSuite(SuiteRunnerWorker.java:52)
	at org.testng.SuiteRunnerWorker.run(SuiteRunnerWorker.java:86)
	at org.testng.TestNG.runSuitesSequentially(TestNG.java:1244)
	at org.testng.TestNG.runSuitesLocally(TestNG.java:1169)
	at org.testng.TestNG.run(TestNG.java:1064)
	at org.testng.remote.AbstractRemoteTestNG.run(AbstractRemoteTestNG.java:114)
	at org.testng.remote.RemoteTestNG.initAndRun(RemoteTestNG.java:251)
	at org.testng.remote.RemoteTestNG.main(RemoteTestNG.java:77)
]]>
            </full-stacktrace>
          </exception> <!-- java.lang.NullPointerException -->
          <reporter-output>
          </reporter-output>
        </test-method> <!-- getResult -->
        <test-method status="SKIP" signature="afterTest()[pri:0, instance:euroStar.TestScripts.EuroStarTest1@18e7143f]" name="afterTest" is-config="true" duration-ms="0" started-at="2018-05-14T12:12:25Z" finished-at="2018-05-14T12:12:25Z">
          <reporter-output>
          </reporter-output>
        </test-method> <!-- afterTest -->
      </class> <!-- euroStar.TestScripts.EuroStarTest1 -->
      <class name="euroStar.TestScripts.EuroStarTest2">
        <test-method status="PASS" signature="initialize()[pri:0, instance:euroStar.TestScripts.EuroStarTest2@209775a9]" name="initialize" is-config="true" duration-ms="9118" started-at="2018-05-14T12:11:55Z" finished-at="2018-05-14T12:12:05Z">
          <reporter-output>
          </reporter-output>
        </test-method> <!-- initialize -->
        <test-method status="FAIL" signature="webTitle(java.util.Map)[pri:0, instance:euroStar.TestScripts.EuroStarTest2@209775a9]" name="webTitle" duration-ms="8152" started-at="2018-05-14T12:12:06Z" data-provider="data" finished-at="2018-05-14T12:12:14Z">
          <params>
            <param index="0">
              <value>
                <![CDATA[{Eamil_ID=stuti.chourasia@gmail.com, Password=ag#Xx7YFphkGpVBD}]]>
              </value>
            </param>
          </params>
          <exception class="java.lang.AssertionError">
            <message>
              <![CDATA[Title mismatched!! expected [LinkedIn] but found [EuroSTAR Huddle - Online Software Testing Community]]]>
            </message>
            <full-stacktrace>
              <![CDATA[java.lang.AssertionError: Title mismatched!! expected [LinkedIn] but found [EuroSTAR Huddle - Online Software Testing Community]
	at org.testng.Assert.fail(Assert.java:94)
	at org.testng.Assert.failNotEquals(Assert.java:513)
	at org.testng.Assert.assertEqualsImpl(Assert.java:135)
	at org.testng.Assert.assertEquals(Assert.java:116)
	at org.testng.Assert.assertEquals(Assert.java:190)
	at euroStar.TestScripts.EuroStarTest2.webTitle(EuroStarTest2.java:38)
	at sun.reflect.NativeMethodAccessorImpl.invoke0(Native Method)
	at sun.reflect.NativeMethodAccessorImpl.invoke(NativeMethodAccessorImpl.java:62)
	at sun.reflect.DelegatingMethodAccessorImpl.invoke(DelegatingMethodAccessorImpl.java:43)
	at java.lang.reflect.Method.invoke(Method.java:498)
	at org.testng.internal.MethodInvocationHelper.invokeMethod(MethodInvocationHelper.java:86)
	at org.testng.internal.Invoker.invokeMethod(Invoker.java:643)
	at org.testng.internal.Invoker.invokeTestMethod(Invoker.java:820)
	at org.testng.internal.Invoker.invokeTestMethods(Invoker.java:1128)
	at org.testng.internal.TestMethodWorker.invokeTestMethods(TestMethodWorker.java:129)
	at org.testng.internal.TestMethodWorker.run(TestMethodWorker.java:112)
	at org.testng.TestRunner.privateRun(TestRunner.java:782)
	at org.testng.TestRunner.run(TestRunner.java:632)
	at org.testng.SuiteRunner.runTest(SuiteRunner.java:366)
	at org.testng.SuiteRunner.runSequentially(SuiteRunner.java:361)
	at org.testng.SuiteRunner.privateRun(SuiteRunner.java:319)
	at org.testng.SuiteRunner.run(SuiteRunner.java:268)
	at org.testng.SuiteRunnerWorker.runSuite(SuiteRunnerWorker.java:52)
	at org.testng.SuiteRunnerWorker.run(SuiteRunnerWorker.java:86)
	at org.testng.TestNG.runSuitesSequentially(TestNG.java:1244)
	at org.testng.TestNG.runSuitesLocally(TestNG.java:1169)
	at org.testng.TestNG.run(TestNG.java:1064)
	at org.testng.remote.AbstractRemoteTestNG.run(AbstractRemoteTestNG.java:114)
	at org.testng.remote.RemoteTestNG.initAndRun(RemoteTestNG.java:251)
	at org.testng.remote.RemoteTestNG.main(RemoteTestNG.java:77)
]]>
            </full-stacktrace>
          </exception> <!-- java.lang.AssertionError -->
          <reporter-output>
          </reporter-output>
        </test-method> <!-- webTitle -->
        <test-method status="PASS" signature="getResult(org.testng.ITestResult)[pri:0, instance:euroStar.TestScripts.EuroStarTest2@209775a9]" name="getResult" is-config="true" duration-ms="550" started-at="2018-05-14T12:12:14Z" finished-at="2018-05-14T12:12:15Z">
          <params>
            <param index="0">
              <value>
                <![CDATA[[TestResult name=webTitle status=FAILURE method=EuroStarTest2.webTitle(java.util.Map)[pri:0, instance:euroStar.TestScripts.EuroStarTest2@209775a9] output={null}]]]>
              </value>
            </param>
          </params>
          <reporter-output>
          </reporter-output>
        </test-method> <!-- getResult -->
        <test-method status="SKIP" signature="TeardownTest()[pri:0, instance:euroStar.TestScripts.EuroStarTest2@209775a9]" name="TeardownTest" is-config="true" duration-ms="0" started-at="2018-05-14T12:12:25Z" finished-at="2018-05-14T12:12:25Z">
          <reporter-output>
          </reporter-output>
        </test-method> <!-- TeardownTest -->
      </class> <!-- euroStar.TestScripts.EuroStarTest2 -->
    </test> <!-- Test -->
  </suite> <!-- Suite -->
</testng-results>
